app/build/intermediates/manifest_merge_blame_file/debug/processDebugMainManifest/manifest-merger-blame-debug-report.txt
1<?xml version="1.0" encoding="utf-8"?>
2<manifest xmlns:android="http://schemas.android.com/apk/res/android"
3    package="com.toolbox.nativetoolbox"
4    android:versionCode="4"
5    android:versionName="0.3.0" >
6
7    <uses-sdk
8        android:minSdkVersion="29"
9        android:targetSdkVersion="35" />
10
11    <!-- 联网:Astro 云服务(天气/翻译/临时邮箱等)与检查更新;所有工具默认离线 -->
12    <uses-permission android:name="android.permission.INTERNET" />
12-->src/main/AndroidManifest.xml:6:5-67
12-->src/main/AndroidManifest.xml:6:22-64
13    <uses-permission android:name="android.permission.ACCESS_NETWORK_STATE" />
13-->src/main/AndroidManifest.xml:7:5-79
13-->src/main/AndroidManifest.xml:7:22-76
14    <uses-permission android:name="android.permission.ACCESS_WIFI_STATE" />
14-->src/main/AndroidManifest.xml:8:5-76
14-->src/main/AndroidManifest.xml:8:22-73
15
16    <!-- 以下敏感权限全部在对应工具页首次使用时申请,拒绝不影响其他功能 -->
17    <!-- 相机:扫码 / 证件照 / 文档扫描 / 镜子 / 放大镜 / 指尖心率 -->
18    <uses-permission android:name="android.permission.CAMERA" />
18-->src/main/AndroidManifest.xml:12:5-65
18-->src/main/AndroidManifest.xml:12:22-62
19    <!-- 相似图片清理:扫描相册 -->
20    <uses-permission android:name="android.permission.READ_MEDIA_IMAGES" />
20-->src/main/AndroidManifest.xml:14:5-76
20-->src/main/AndroidManifest.xml:14:22-73
21    <uses-permission
21-->src/main/AndroidManifest.xml:15:5-107
22        android:name="android.permission.READ_EXTERNAL_STORAGE"
22-->src/main/AndroidManifest.xml:15:22-77
23        android:maxSdkVersion="32" />
23-->src/main/AndroidManifest.xml:15:78-104
24    <!-- 麦克风:录音机 / 分贝仪 / 调音器 / 语音转文字 -->
25    <uses-permission android:name="android.permission.RECORD_AUDIO" />
25-->src/main/AndroidManifest.xml:17:5-71
25-->src/main/AndroidManifest.xml:17:22-68
26    <!-- 位置:WiFi 分析(系统要求) / 指南针海拔 / 停车助手 / 天气(可选) -->
27    <uses-permission android:name="android.permission.ACCESS_COARSE_LOCATION" />
27-->src/main/AndroidManifest.xml:19:5-81
27-->src/main/AndroidManifest.xml:19:22-78
28    <uses-permission android:name="android.permission.ACCESS_FINE_LOCATION" />
28-->src/main/AndroidManifest.xml:20:5-79
28-->src/main/AndroidManifest.xml:20:22-76
29    <!-- 通知:喝水吃药久坐提醒 / 倒计时完成 -->
30    <uses-permission android:name="android.permission.POST_NOTIFICATIONS" />
30-->src/main/AndroidManifest.xml:22:5-77
30-->src/main/AndroidManifest.xml:22:22-74
31    <!-- NFC 读写标签 -->
32    <uses-permission android:name="android.permission.NFC" />
32-->src/main/AndroidManifest.xml:24:5-62
32-->src/main/AndroidManifest.xml:24:22-59
33    <!-- 蓝牙雷达(Android 12+ 专用权限,找设备场景声明不推导位置) -->
34    <uses-permission
34-->src/main/AndroidManifest.xml:26:5-28:58
35        android:name="android.permission.BLUETOOTH_SCAN"
35-->src/main/AndroidManifest.xml:27:9-57
36        android:usesPermissionFlags="neverForLocation" />
36-->src/main/AndroidManifest.xml:28:9-55
37    <uses-permission android:name="android.permission.BLUETOOTH_CONNECT" />
37-->src/main/AndroidManifest.xml:29:5-76
37-->src/main/AndroidManifest.xml:29:22-73
38    <!-- 振动反馈(解压玩具/木鱼/节拍器) -->
39    <uses-permission android:name="android.permission.VIBRATE" />
39-->src/main/AndroidManifest.xml:31:5-66
39-->src/main/AndroidManifest.xml:31:22-63
40    <!-- 铃声制作:写系统铃声设置(特殊权限,页面内引导开启) -->
41    <uses-permission android:name="android.permission.WRITE_SETTINGS" />
41-->src/main/AndroidManifest.xml:33:5-34:47
41-->src/main/AndroidManifest.xml:33:22-70
42    <!-- App 内更新:下载 APK 后拉起安装 -->
43    <uses-permission android:name="android.permission.REQUEST_INSTALL_PACKAGES" />
43-->src/main/AndroidManifest.xml:36:5-83
43-->src/main/AndroidManifest.xml:36:22-80
44    <!-- 屏幕时间统计(特殊权限,页面内引导开启) -->
45    <uses-permission android:name="android.permission.PACKAGE_USAGE_STATS" />
45-->src/main/AndroidManifest.xml:38:5-39:47
45-->src/main/AndroidManifest.xml:38:22-75
46    <!-- 应用权限透视 / APK 分析:需要枚举已装应用 -->
47    <uses-permission android:name="android.permission.QUERY_ALL_PACKAGES" />
47-->src/main/AndroidManifest.xml:41:5-42:53
47-->src/main/AndroidManifest.xml:41:22-74
48
49    <!-- 可选硬件:没有对应传感器/模块的设备照常安装,相关工具自动提示不可用 -->
50    <uses-feature
50-->src/main/AndroidManifest.xml:45:5-85
51        android:name="android.hardware.camera"
51-->src/main/AndroidManifest.xml:45:19-57
52        android:required="false" />
52-->src/main/AndroidManifest.xml:45:58-82
53    <uses-feature
53-->src/main/AndroidManifest.xml:46:5-82
54        android:name="android.hardware.nfc"
54-->src/main/AndroidManifest.xml:46:19-54
55        android:required="false" />
55-->src/main/AndroidManifest.xml:46:55-79
56    <uses-feature
56-->src/main/AndroidManifest.xml:47:5-91
57        android:name="android.hardware.bluetooth_le"
57-->src/main/AndroidManifest.xml:47:19-63
58        android:required="false" />
58-->src/main/AndroidManifest.xml:47:64-88
59    <uses-feature
59-->src/main/AndroidManifest.xml:48:5-93
60        android:name="android.hardware.sensor.compass"
60-->src/main/AndroidManifest.xml:48:19-65
61        android:required="false" />
61-->src/main/AndroidManifest.xml:48:66-90
62    <uses-feature
62-->src/main/AndroidManifest.xml:49:5-95
63        android:name="android.hardware.sensor.barometer"
63-->src/main/AndroidManifest.xml:49:19-67
64        android:required="false" />
64-->src/main/AndroidManifest.xml:49:68-92
65    <uses-feature
65-->src/main/AndroidManifest.xml:50:5-91
66        android:name="android.hardware.location.gps"
66-->src/main/AndroidManifest.xml:50:19-63
67        android:required="false" />
67-->src/main/AndroidManifest.xml:50:64-88
68
69    <permission
69-->[androidx.core:core:1.16.0] AndroidManifest.xml:22:5-24:47
70        android:name="com.toolbox.nativetoolbox.DYNAMIC_RECEIVER_NOT_EXPORTED_PERMISSION"
70-->[androidx.core:core:1.16.0] AndroidManifest.xml:23:9-81
71        android:protectionLevel="signature" />
71-->[androidx.core:core:1.16.0] AndroidManifest.xml:24:9-44
72
73    <uses-permission android:name="com.toolbox.nativetoolbox.DYNAMIC_RECEIVER_NOT_EXPORTED_PERMISSION" />
73-->[androidx.core:core:1.16.0] AndroidManifest.xml:26:5-97
73-->[androidx.core:core:1.16.0] AndroidManifest.xml:26:22-94
74
75    <application
75-->src/main/AndroidManifest.xml:52:5-103:19
76        android:name="com.toolbox.nativetoolbox.ToolboxApplication"
76-->src/main/AndroidManifest.xml:53:9-43
77        android:allowBackup="true"
77-->src/main/AndroidManifest.xml:54:9-35
78        android:appComponentFactory="androidx.core.app.CoreComponentFactory"
78-->[androidx.core:core:1.16.0] AndroidManifest.xml:28:18-86
79        android:debuggable="true"
80        android:extractNativeLibs="false"
81        android:icon="@mipmap/ic_launcher"
81-->src/main/AndroidManifest.xml:55:9-43
82        android:label="@string/app_name"
82-->src/main/AndroidManifest.xml:56:9-41
83        android:networkSecurityConfig="@xml/network_security_config"
83-->src/main/AndroidManifest.xml:57:9-69
84        android:roundIcon="@mipmap/ic_launcher_round"
84-->src/main/AndroidManifest.xml:58:9-54
85        android:supportsRtl="true"
85-->src/main/AndroidManifest.xml:59:9-35
86        android:theme="@style/Theme.NativeToolbox" >
86-->src/main/AndroidManifest.xml:60:9-51
87        <activity
87-->src/main/AndroidManifest.xml:62:9-87:20
88            android:name="com.toolbox.nativetoolbox.MainActivity"
88-->src/main/AndroidManifest.xml:63:13-41
89            android:exported="true"
89-->src/main/AndroidManifest.xml:64:13-36
90            android:launchMode="singleTask"
90-->src/main/AndroidManifest.xml:65:13-44
91            android:theme="@style/Theme.NativeToolbox"
91-->src/main/AndroidManifest.xml:66:13-55
92            android:windowSoftInputMode="adjustResize" >
92-->src/main/AndroidManifest.xml:67:13-55
93            <intent-filter>
93-->src/main/AndroidManifest.xml:68:13-71:29
94                <action android:name="android.intent.action.MAIN" />
94-->src/main/AndroidManifest.xml:69:17-69
94-->src/main/AndroidManifest.xml:69:25-66
95
96                <category android:name="android.intent.category.LAUNCHER" />
96-->src/main/AndroidManifest.xml:70:17-77
96-->src/main/AndroidManifest.xml:70:27-74
97            </intent-filter>
98            <!-- 系统分享接入:任意 App 分享文本进工具箱 -->
99            <intent-filter>
99-->src/main/AndroidManifest.xml:73:13-77:29
100                <action android:name="android.intent.action.SEND" />
100-->src/main/AndroidManifest.xml:74:17-69
100-->src/main/AndroidManifest.xml:74:25-66
101
102                <category android:name="android.intent.category.DEFAULT" />
102-->src/main/AndroidManifest.xml:75:17-76
102-->src/main/AndroidManifest.xml:75:27-73
103
104                <data android:mimeType="text/plain" />
104-->src/main/AndroidManifest.xml:76:17-55
104-->src/main/AndroidManifest.xml:76:23-52
105            </intent-filter>
106            <!-- 分享图片直达图片工具 -->
107            <intent-filter>
107-->src/main/AndroidManifest.xml:79:13-83:29
108                <action android:name="android.intent.action.SEND" />
108-->src/main/AndroidManifest.xml:74:17-69
108-->src/main/AndroidManifest.xml:74:25-66
109
110                <category android:name="android.intent.category.DEFAULT" />
110-->src/main/AndroidManifest.xml:75:17-76
110-->src/main/AndroidManifest.xml:75:27-73
111
112                <data android:mimeType="image/*" />
112-->src/main/AndroidManifest.xml:76:17-55
112-->src/main/AndroidManifest.xml:76:23-52
113            </intent-filter>
114
115            <meta-data
115-->src/main/AndroidManifest.xml:84:13-86:53
116                android:name="android.app.shortcuts"
116-->src/main/AndroidManifest.xml:85:17-53
117                android:resource="@xml/shortcuts" />
117-->src/main/AndroidManifest.xml:86:17-50
118        </activity>
119
120        <!-- 文件分享(压缩包导出/PDF 导出/APK 更新安装) -->
121        <provider
122            android:name="androidx.core.content.FileProvider"
122-->src/main/AndroidManifest.xml:91:13-62
123            android:authorities="com.toolbox.nativetoolbox.fileprovider"
123-->src/main/AndroidManifest.xml:92:13-64
124            android:exported="false"
124-->src/main/AndroidManifest.xml:93:13-37
125            android:grantUriPermissions="true" >
125-->src/main/AndroidManifest.xml:94:13-47
126            <meta-data
126-->src/main/AndroidManifest.xml:95:13-97:54
127                android:name="android.support.FILE_PROVIDER_PATHS"
127-->src/main/AndroidManifest.xml:96:17-67
128                android:resource="@xml/file_paths" />
128-->src/main/AndroidManifest.xml:97:17-51
129        </provider>
130
131        <receiver
131-->src/main/AndroidManifest.xml:100:9-102:40
132            android:name="com.toolbox.nativetoolbox.util.ReminderReceiver"
132-->src/main/AndroidManifest.xml:101:13-50
133            android:exported="false" />
133-->src/main/AndroidManifest.xml:102:13-37
134
135        <activity
135-->[androidx.compose.ui:ui-tooling-android:1.11.4] AndroidManifest.xml:23:9-25:39
136            android:name="androidx.compose.ui.tooling.PreviewActivity"
136-->[androidx.compose.ui:ui-tooling-android:1.11.4] AndroidManifest.xml:24:13-71
137            android:exported="true" />
137-->[androidx.compose.ui:ui-tooling-android:1.11.4] AndroidManifest.xml:25:13-36
138        <activity
138-->[androidx.compose.ui:ui-test-manifest:1.11.4] AndroidManifest.xml:23:9-26:79
139            android:name="androidx.activity.ComponentActivity"
139-->[androidx.compose.ui:ui-test-manifest:1.11.4] AndroidManifest.xml:24:13-63
140            android:exported="true"
140-->[androidx.compose.ui:ui-test-manifest:1.11.4] AndroidManifest.xml:25:13-36
141            android:theme="@android:style/Theme.Material.Light.NoActionBar" />
141-->[androidx.compose.ui:ui-test-manifest:1.11.4] AndroidManifest.xml:26:13-76
142
143        <service
143-->[androidx.camera:camera-camera2:1.4.2] AndroidManifest.xml:24:9-33:19
144            android:name="androidx.camera.core.impl.MetadataHolderService"
144-->[androidx.camera:camera-camera2:1.4.2] AndroidManifest.xml:25:13-75
145            android:enabled="false"
145-->[androidx.camera:camera-camera2:1.4.2] AndroidManifest.xml:26:13-36
146            android:exported="false" >
146-->[androidx.camera:camera-camera2:1.4.2] AndroidManifest.xml:27:13-37
147            <meta-data
147-->[androidx.camera:camera-camera2:1.4.2] AndroidManifest.xml:30:13-32:89
148                android:name="androidx.camera.core.impl.MetadataHolderService.DEFAULT_CONFIG_PROVIDER"
148-->[androidx.camera:camera-camera2:1.4.2] AndroidManifest.xml:31:17-103
149                android:value="androidx.camera.camera2.Camera2Config$DefaultProvider" />
149-->[androidx.camera:camera-camera2:1.4.2] AndroidManifest.xml:32:17-86
150        </service>
151        <service
151-->[com.google.mlkit:segmentation-selfie:16.0.0-beta6] AndroidManifest.xml:9:9-15:19
152            android:name="com.google.mlkit.common.internal.MlKitComponentDiscoveryService"
152-->[com.google.mlkit:segmentation-selfie:16.0.0-beta6] AndroidManifest.xml:10:13-91
153            android:directBootAware="true"
153-->[com.google.mlkit:common:18.11.0] AndroidManifest.xml:17:13-43
154            android:exported="false" >
154-->[com.google.mlkit:segmentation-selfie:16.0.0-beta6] AndroidManifest.xml:11:13-37
155            <meta-data
155-->[com.google.mlkit:segmentation-selfie:16.0.0-beta6] AndroidManifest.xml:12:13-14:85
156                android:name="com.google.firebase.components:com.google.mlkit.vision.segmentation.internal.SegmentationRegistrar"
156-->[com.google.mlkit:segmentation-selfie:16.0.0-beta6] AndroidManifest.xml:13:17-130
157                android:value="com.google.firebase.components.ComponentRegistrar" />
157-->[com.google.mlkit:segmentation-selfie:16.0.0-beta6] AndroidManifest.xml:14:17-82
158            <meta-data
158-->[com.google.android.gms:play-services-mlkit-text-recognition-common:19.1.0] AndroidManifest.xml:12:13-14:85
159                android:name="com.google.firebase.components:com.google.mlkit.vision.text.internal.TextRegistrar"
159-->[com.google.android.gms:play-services-mlkit-text-recognition-common:19.1.0] AndroidManifest.xml:13:17-114
160                android:value="com.google.firebase.components.ComponentRegistrar" />
160-->[com.google.android.gms:play-services-mlkit-text-recognition-common:19.1.0] AndroidManifest.xml:14:17-82
161            <meta-data
161-->[com.google.mlkit:vision-common:17.3.0] AndroidManifest.xml:12:13-14:85
162                android:name="com.google.firebase.components:com.google.mlkit.vision.common.internal.VisionCommonRegistrar"
162-->[com.google.mlkit:vision-common:17.3.0] AndroidManifest.xml:13:17-124
163                android:value="com.google.firebase.components.ComponentRegistrar" />
163-->[com.google.mlkit:vision-common:17.3.0] AndroidManifest.xml:14:17-82
164            <meta-data
164-->[com.google.mlkit:common:18.11.0] AndroidManifest.xml:20:13-22:85
165                android:name="com.google.firebase.components:com.google.mlkit.common.internal.CommonComponentRegistrar"
165-->[com.google.mlkit:common:18.11.0] AndroidManifest.xml:21:17-120
166                android:value="com.google.firebase.components.ComponentRegistrar" />
166-->[com.google.mlkit:common:18.11.0] AndroidManifest.xml:22:17-82
167        </service>
168
169        <provider
169-->[com.google.mlkit:common:18.11.0] AndroidManifest.xml:9:9-13:38
170            android:name="com.google.mlkit.common.internal.MlKitInitProvider"
170-->[com.google.mlkit:common:18.11.0] AndroidManifest.xml:10:13-78
171            android:authorities="com.toolbox.nativetoolbox.mlkitinitprovider"
171-->[com.google.mlkit:common:18.11.0] AndroidManifest.xml:11:13-69
172            android:exported="false"
172-->[com.google.mlkit:common:18.11.0] AndroidManifest.xml:12:13-37
173            android:initOrder="99" />
173-->[com.google.mlkit:common:18.11.0] AndroidManifest.xml:13:13-35
174
175        <activity
175-->[com.google.android.gms:play-services-base:18.5.0] AndroidManifest.xml:5:9-173
176            android:name="com.google.android.gms.common.api.GoogleApiActivity"
176-->[com.google.android.gms:play-services-base:18.5.0] AndroidManifest.xml:5:19-85
177            android:exported="false"
177-->[com.google.android.gms:play-services-base:18.5.0] AndroidManifest.xml:5:146-170
178            android:theme="@android:style/Theme.Translucent.NoTitleBar" />
178-->[com.google.android.gms:play-services-base:18.5.0] AndroidManifest.xml:5:86-145
179
180        <meta-data
180-->[com.google.android.gms:play-services-basement:18.4.0] AndroidManifest.xml:6:9-122
181            android:name="com.google.android.gms.version"
181-->[com.google.android.gms:play-services-basement:18.4.0] AndroidManifest.xml:6:20-65
182            android:value="@integer/google_play_services_version" />
182-->[com.google.android.gms:play-services-basement:18.4.0] AndroidManifest.xml:6:66-119
183
184        <provider
184-->[androidx.emoji2:emoji2:1.4.0] AndroidManifest.xml:24:9-32:20
185            android:name="androidx.startup.InitializationProvider"
185-->[androidx.emoji2:emoji2:1.4.0] AndroidManifest.xml:25:13-67
186            android:authorities="com.toolbox.nativetoolbox.androidx-startup"
186-->[androidx.emoji2:emoji2:1.4.0] AndroidManifest.xml:26:13-68
187            android:exported="false" >
187-->[androidx.emoji2:emoji2:1.4.0] AndroidManifest.xml:27:13-37
188            <meta-data
188-->[androidx.emoji2:emoji2:1.4.0] AndroidManifest.xml:29:13-31:52
189                android:name="androidx.emoji2.text.EmojiCompatInitializer"
189-->[androidx.emoji2:emoji2:1.4.0] AndroidManifest.xml:30:17-75
190                android:value="androidx.startup" />
190-->[androidx.emoji2:emoji2:1.4.0] AndroidManifest.xml:31:17-49
191            <meta-data
191-->[androidx.lifecycle:lifecycle-process:2.9.4] AndroidManifest.xml:29:13-31:52
192                android:name="androidx.lifecycle.ProcessLifecycleInitializer"
192-->[androidx.lifecycle:lifecycle-process:2.9.4] AndroidManifest.xml:30:17-78
193                android:value="androidx.startup" />
193-->[androidx.lifecycle:lifecycle-process:2.9.4] AndroidManifest.xml:31:17-49
194            <meta-data
194-->[androidx.profileinstaller:profileinstaller:1.4.0] AndroidManifest.xml:29:13-31:52
195                android:name="androidx.profileinstaller.ProfileInstallerInitializer"
195-->[androidx.profileinstaller:profileinstaller:1.4.0] AndroidManifest.xml:30:17-85
196                android:value="androidx.startup" />
196-->[androidx.profileinstaller:profileinstaller:1.4.0] AndroidManifest.xml:31:17-49
197        </provider>
198
199        <uses-library
199-->[androidx.window:window:1.5.0] AndroidManifest.xml:23:9-25:40
200            android:name="androidx.window.extensions"
200-->[androidx.window:window:1.5.0] AndroidManifest.xml:24:13-54
201            android:required="false" />
201-->[androidx.window:window:1.5.0] AndroidManifest.xml:25:13-37
202        <uses-library
202-->[androidx.window:window:1.5.0] AndroidManifest.xml:26:9-28:40
203            android:name="androidx.window.sidecar"
203-->[androidx.window:window:1.5.0] AndroidManifest.xml:27:13-51
204            android:required="false" />
204-->[androidx.window:window:1.5.0] AndroidManifest.xml:28:13-37
205
206        <receiver
206-->[androidx.profileinstaller:profileinstaller:1.4.0] AndroidManifest.xml:34:9-52:20
207            android:name="androidx.profileinstaller.ProfileInstallReceiver"
207-->[androidx.profileinstaller:profileinstaller:1.4.0] AndroidManifest.xml:35:13-76
208            android:directBootAware="false"
208-->[androidx.profileinstaller:profileinstaller:1.4.0] AndroidManifest.xml:36:13-44
209            android:enabled="true"
209-->[androidx.profileinstaller:profileinstaller:1.4.0] AndroidManifest.xml:37:13-35
210            android:exported="true"
210-->[androidx.profileinstaller:profileinstaller:1.4.0] AndroidManifest.xml:38:13-36
211            android:permission="android.permission.DUMP" >
211-->[androidx.profileinstaller:profileinstaller:1.4.0] AndroidManifest.xml:39:13-57
212            <intent-filter>
212-->[androidx.profileinstaller:profileinstaller:1.4.0] AndroidManifest.xml:40:13-42:29
213                <action android:name="androidx.profileinstaller.action.INSTALL_PROFILE" />
213-->[androidx.profileinstaller:profileinstaller:1.4.0] AndroidManifest.xml:41:17-91
213-->[androidx.profileinstaller:profileinstaller:1.4.0] AndroidManifest.xml:41:25-88
214            </intent-filter>
215            <intent-filter>
215-->[androidx.profileinstaller:profileinstaller:1.4.0] AndroidManifest.xml:43:13-45:29
216                <action android:name="androidx.profileinstaller.action.SKIP_FILE" />
216-->[androidx.profileinstaller:profileinstaller:1.4.0] AndroidManifest.xml:44:17-85
216-->[androidx.profileinstaller:profileinstaller:1.4.0] AndroidManifest.xml:44:25-82
217            </intent-filter>
218            <intent-filter>
218-->[androidx.profileinstaller:profileinstaller:1.4.0] AndroidManifest.xml:46:13-48:29
219                <action android:name="androidx.profileinstaller.action.SAVE_PROFILE" />
219-->[androidx.profileinstaller:profileinstaller:1.4.0] AndroidManifest.xml:47:17-88
219-->[androidx.profileinstaller:profileinstaller:1.4.0] AndroidManifest.xml:47:25-85
220            </intent-filter>
221            <intent-filter>
221-->[androidx.profileinstaller:profileinstaller:1.4.0] AndroidManifest.xml:49:13-51:29
222                <action android:name="androidx.profileinstaller.action.BENCHMARK_OPERATION" />
222-->[androidx.profileinstaller:profileinstaller:1.4.0] AndroidManifest.xml:50:17-95
222-->[androidx.profileinstaller:profileinstaller:1.4.0] AndroidManifest.xml:50:25-92
223            </intent-filter>
224        </receiver>
225
226        <service
226-->[com.google.android.datatransport:transport-backend-cct:2.3.3] AndroidManifest.xml:29:9-35:19
227            android:name="com.google.android.datatransport.runtime.backends.TransportBackendDiscovery"
227-->[com.google.android.datatransport:transport-backend-cct:2.3.3] AndroidManifest.xml:30:13-103
228            android:exported="false" >
228-->[com.google.android.datatransport:transport-backend-cct:2.3.3] AndroidManifest.xml:31:13-37
229            <meta-data
229-->[com.google.android.datatransport:transport-backend-cct:2.3.3] AndroidManifest.xml:32:13-34:39
230                android:name="backend:com.google.android.datatransport.cct.CctBackendFactory"
230-->[com.google.android.datatransport:transport-backend-cct:2.3.3] AndroidManifest.xml:33:17-94
231                android:value="cct" />
231-->[com.google.android.datatransport:transport-backend-cct:2.3.3] AndroidManifest.xml:34:17-36
232        </service>
233        <service
233-->[com.google.android.datatransport:transport-runtime:2.2.6] AndroidManifest.xml:26:9-30:19
234            android:name="com.google.android.datatransport.runtime.scheduling.jobscheduling.JobInfoSchedulerService"
234-->[com.google.android.datatransport:transport-runtime:2.2.6] AndroidManifest.xml:27:13-117
235            android:exported="false"
235-->[com.google.android.datatransport:transport-runtime:2.2.6] AndroidManifest.xml:28:13-37
236            android:permission="android.permission.BIND_JOB_SERVICE" >
236-->[com.google.android.datatransport:transport-runtime:2.2.6] AndroidManifest.xml:29:13-69
237        </service>
238
239        <receiver
239-->[com.google.android.datatransport:transport-runtime:2.2.6] AndroidManifest.xml:32:9-34:40
240            android:name="com.google.android.datatransport.runtime.scheduling.jobscheduling.AlarmManagerSchedulerBroadcastReceiver"
240-->[com.google.android.datatransport:transport-runtime:2.2.6] AndroidManifest.xml:33:13-132
241            android:exported="false" />
241-->[com.google.android.datatransport:transport-runtime:2.2.6] AndroidManifest.xml:34:13-37
242    </application>
243
244</manifest>